2019-01-29 08:42:44.666 UTC [msp] getMspConfig -> INFO 001[0m Loading NodeOUs
2019-01-29 08:42:44.705 UTC [nodeCmd] serve -> INFO 002[0m Starting peer:
 Version: 1.2.0
 Commit SHA: cae2ad4
 Go version: go1.10
 OS/Arch: linux/amd64
 Experimental features: false
 Chaincode:
  Base Image Version: 0.4.10
  Base Docker Namespace: hyperledger
  Base Docker Label: org.hyperledger.fabric
  Docker Namespace: hyperledger

2019-01-29 08:42:44.706 UTC [ledgermgmt] initialize -> INFO 003[0m Initializing ledger mgmt
2019-01-29 08:42:44.706 UTC [kvledger] NewProvider -> INFO 004[0m Initializing ledger provider
[33m2019-01-29 08:42:45.743 UTC [couchdb] handleRequest -> WARN 005[0m Retrying couchdb request in 125ms. Attempt:1  Error:Get http://couchdb.peer0.hospital3.switch2logic.co.za:5984/: dial tcp 10.0.0.238:5984: connect: connection refused
[33m2019-01-29 08:42:45.880 UTC [couchdb] handleRequest -> WARN 006[0m Retrying couchdb request in 250ms. Attempt:2  Error:Get http://couchdb.peer0.hospital3.switch2logic.co.za:5984/: dial tcp 10.0.0.238:5984: connect: connection refused
[33m2019-01-29 08:42:46.132 UTC [couchdb] handleRequest -> WARN 007[0m Retrying couchdb request in 500ms. Attempt:3  Error:Get http://couchdb.peer0.hospital3.switch2logic.co.za:5984/: dial tcp 10.0.0.238:5984: connect: connection refused
[33m2019-01-29 08:42:46.633 UTC [couchdb] handleRequest -> WARN 008[0m Retrying couchdb request in 1s. Attempt:4  Error:Get http://couchdb.peer0.hospital3.switch2logic.co.za:5984/: dial tcp 10.0.0.238:5984: connect: connection refused
[33m2019-01-29 08:42:47.634 UTC [couchdb] handleRequest -> WARN 009[0m Retrying couchdb request in 2s. Attempt:5  Error:Get http://couchdb.peer0.hospital3.switch2logic.co.za:5984/: dial tcp 10.0.0.238:5984: connect: connection refused
2019-01-29 08:42:49.937 UTC [couchdb] CreateDatabaseIfNotExist -> INFO 00a[0m Created state database _users
2019-01-29 08:42:49.963 UTC [couchdb] CreateDatabaseIfNotExist -> INFO 00b[0m Created state database _replicator
2019-01-29 08:42:49.991 UTC [couchdb] CreateDatabaseIfNotExist -> INFO 00c[0m Created state database _global_changes
2019-01-29 08:42:50.022 UTC [kvledger] NewProvider -> INFO 00d[0m ledger provider Initialized
2019-01-29 08:42:50.022 UTC [ledgermgmt] initialize -> INFO 00e[0m ledger mgmt initialized
2019-01-29 08:42:50.022 UTC [peer] func1 -> INFO 00f[0m Auto-detected peer address: 10.0.0.235:7051
2019-01-29 08:42:50.023 UTC [peer] func1 -> INFO 010[0m Returning peer0.hospital3.switch2logic.co.za:7051
2019-01-29 08:42:50.023 UTC [peer] func1 -> INFO 011[0m Auto-detected peer address: 10.0.0.235:7051
2019-01-29 08:42:50.023 UTC [peer] func1 -> INFO 012[0m Returning peer0.hospital3.switch2logic.co.za:7051
2019-01-29 08:42:50.025 UTC [nodeCmd] serve -> INFO 013[0m Starting peer with TLS enabled
2019-01-29 08:42:50.027 UTC [eventhub_producer] start -> INFO 014[0m Event processor started
2019-01-29 08:42:50.028 UTC [nodeCmd] computeChaincodeEndpoint -> INFO 015[0m Entering computeChaincodeEndpoint with peerHostname: peer0.hospital3.switch2logic.co.za
2019-01-29 08:42:50.028 UTC [nodeCmd] computeChaincodeEndpoint -> INFO 016[0m Exit with ccEndpoint: peer0.hospital3.switch2logic.co.za:7052
2019-01-29 08:42:50.031 UTC [sccapi] registerSysCC -> INFO 017[0m system chaincode cscc(github.com/hyperledger/fabric/core/scc/cscc) registered
2019-01-29 08:42:50.031 UTC [sccapi] registerSysCC -> INFO 018[0m system chaincode lscc(github.com/hyperledger/fabric/core/scc/lscc) registered
2019-01-29 08:42:50.031 UTC [sccapi] registerSysCC -> INFO 019[0m system chaincode qscc(github.com/hyperledger/fabric/core/scc/qscc) registered
2019-01-29 08:42:50.040 UTC [gossip/gossip] NewGossipService -> INFO 01a[0m Creating gossip service with self membership of {peer0.hospital3.switch2logic.co.za:7051 [] [80 222 25 174 161 203 82 60 131 42 133 251 211 175 214 192 133 135 100 215 68 201 172 154 146 205 91 49 1 96 28 117] peer0.hospital3.switch2logic.co.za:7051 <nil> <nil>}
2019-01-29 08:42:50.042 UTC [gossip/gossip] start -> INFO 01b[0m Gossip instance peer0.hospital3.switch2logic.co.za:7051 started
2019-01-29 08:42:50.043 UTC [cscc] Init -> INFO 01c[0m Init CSCC
2019-01-29 08:42:50.043 UTC [sccapi] deploySysCC -> INFO 01d[0m system chaincode cscc/(github.com/hyperledger/fabric/core/scc/cscc) deployed
2019-01-29 08:42:50.044 UTC [sccapi] deploySysCC -> INFO 01e[0m system chaincode lscc/(github.com/hyperledger/fabric/core/scc/lscc) deployed
2019-01-29 08:42:50.045 UTC [qscc] Init -> INFO 01f[0m Init QSCC
2019-01-29 08:42:50.045 UTC [sccapi] deploySysCC -> INFO 020[0m system chaincode qscc/(github.com/hyperledger/fabric/core/scc/qscc) deployed
2019-01-29 08:42:50.045 UTC [nodeCmd] serve -> INFO 021[0m Deployed system chaincodes
2019-01-29 08:42:50.048 UTC [discovery] NewService -> INFO 022[0m Created with config TLS: true, authCacheMaxSize: 1000, authCachePurgeRatio: 0.750000
2019-01-29 08:42:50.048 UTC [nodeCmd] registerDiscoveryService -> INFO 023[0m Discovery service activated
2019-01-29 08:42:50.048 UTC [nodeCmd] serve -> INFO 024[0m Starting peer with ID=[name:"peer0.hospital3.switch2logic.co.za" ], network ID=[dev], address=[peer0.hospital3.switch2logic.co.za:7051]
2019-01-29 08:42:50.049 UTC [nodeCmd] serve -> INFO 025[0m Started peer with ID=[name:"peer0.hospital3.switch2logic.co.za" ], network ID=[dev], address=[peer0.hospital3.switch2logic.co.za:7051]
2019-01-29 08:42:50.049 UTC [nodeCmd] func9 -> INFO 026[0m Starting profiling server with listenAddress = 0.0.0.0:6060
2019-01-29 10:32:58.734 UTC [gossip/gossip] Stop -> INFO 027[0m Stopping gossip
2019-01-29 10:32:58.735 UTC [gossip/discovery] Stop -> INFO 028[0m Stopping
2019-01-29 10:32:58.735 UTC [gossip/discovery] Stop -> INFO 029[0m Stopped
2019-01-29 10:32:58.735 UTC [gossip/comm] Stop -> INFO 02a[0m Stopping
2019-01-29 10:32:58.735 UTC [gossip/comm] Stop -> INFO 02b[0m Stopped
2019-01-29 10:33:54.598 UTC [msp] getMspConfig -> INFO 001[0m Loading NodeOUs
2019-01-29 10:33:54.653 UTC [nodeCmd] serve -> INFO 002[0m Starting peer:
 Version: 1.2.0
 Commit SHA: cae2ad4
 Go version: go1.10
 OS/Arch: linux/amd64
 Experimental features: false
 Chaincode:
  Base Image Version: 0.4.10
  Base Docker Namespace: hyperledger
  Base Docker Label: org.hyperledger.fabric
  Docker Namespace: hyperledger

2019-01-29 10:33:54.653 UTC [ledgermgmt] initialize -> INFO 003[0m Initializing ledger mgmt
2019-01-29 10:33:54.653 UTC [kvledger] NewProvider -> INFO 004[0m Initializing ledger provider
[33m2019-01-29 10:33:54.748 UTC [couchdb] handleRequest -> WARN 005[0m Retrying couchdb request in 125ms. Attempt:1  Error:Get http://couchdb.peer0.hospital3.switch2logic.co.za:5984/: dial tcp 10.0.0.14:5984: connect: connection refused
[33m2019-01-29 10:33:54.885 UTC [couchdb] handleRequest -> WARN 006[0m Retrying couchdb request in 250ms. Attempt:2  Error:Get http://couchdb.peer0.hospital3.switch2logic.co.za:5984/: dial tcp 10.0.0.14:5984: connect: connection refused
[33m2019-01-29 10:33:55.138 UTC [couchdb] handleRequest -> WARN 007[0m Retrying couchdb request in 500ms. Attempt:3  Error:Get http://couchdb.peer0.hospital3.switch2logic.co.za:5984/: dial tcp 10.0.0.14:5984: connect: connection refused
[33m2019-01-29 10:33:55.639 UTC [couchdb] handleRequest -> WARN 008[0m Retrying couchdb request in 1s. Attempt:4  Error:Get http://couchdb.peer0.hospital3.switch2logic.co.za:5984/: dial tcp 10.0.0.14:5984: connect: connection refused
[33m2019-01-29 10:33:56.642 UTC [couchdb] handleRequest -> WARN 009[0m Retrying couchdb request in 2s. Attempt:5  Error:Get http://couchdb.peer0.hospital3.switch2logic.co.za:5984/: dial tcp 10.0.0.14:5984: connect: connection refused
2019-01-29 10:33:58.738 UTC [kvledger] NewProvider -> INFO 00a[0m ledger provider Initialized
2019-01-29 10:33:58.738 UTC [ledgermgmt] initialize -> INFO 00b[0m ledger mgmt initialized
2019-01-29 10:33:58.738 UTC [peer] func1 -> INFO 00c[0m Auto-detected peer address: 10.0.0.18:7051
2019-01-29 10:33:58.738 UTC [peer] func1 -> INFO 00d[0m Returning peer0.hospital3.switch2logic.co.za:7051
2019-01-29 10:33:58.738 UTC [peer] func1 -> INFO 00e[0m Auto-detected peer address: 10.0.0.18:7051
2019-01-29 10:33:58.739 UTC [peer] func1 -> INFO 00f[0m Returning peer0.hospital3.switch2logic.co.za:7051
2019-01-29 10:33:58.740 UTC [nodeCmd] serve -> INFO 010[0m Starting peer with TLS enabled
2019-01-29 10:33:58.743 UTC [eventhub_producer] start -> INFO 011[0m Event processor started
2019-01-29 10:33:58.744 UTC [nodeCmd] computeChaincodeEndpoint -> INFO 012[0m Entering computeChaincodeEndpoint with peerHostname: peer0.hospital3.switch2logic.co.za
2019-01-29 10:33:58.744 UTC [nodeCmd] computeChaincodeEndpoint -> INFO 013[0m Exit with ccEndpoint: peer0.hospital3.switch2logic.co.za:7052
2019-01-29 10:33:58.746 UTC [sccapi] registerSysCC -> INFO 014[0m system chaincode cscc(github.com/hyperledger/fabric/core/scc/cscc) registered
2019-01-29 10:33:58.746 UTC [sccapi] registerSysCC -> INFO 015[0m system chaincode lscc(github.com/hyperledger/fabric/core/scc/lscc) registered
2019-01-29 10:33:58.746 UTC [sccapi] registerSysCC -> INFO 016[0m system chaincode qscc(github.com/hyperledger/fabric/core/scc/qscc) registered
2019-01-29 10:33:58.755 UTC [gossip/gossip] NewGossipService -> INFO 017[0m Creating gossip service with self membership of {peer0.hospital3.switch2logic.co.za:7051 [] [80 222 25 174 161 203 82 60 131 42 133 251 211 175 214 192 133 135 100 215 68 201 172 154 146 205 91 49 1 96 28 117] peer0.hospital3.switch2logic.co.za:7051 <nil> <nil>}
2019-01-29 10:33:58.755 UTC [gossip/gossip] start -> INFO 018[0m Gossip instance peer0.hospital3.switch2logic.co.za:7051 started
2019-01-29 10:33:58.756 UTC [cscc] Init -> INFO 019[0m Init CSCC
2019-01-29 10:33:58.756 UTC [sccapi] deploySysCC -> INFO 01a[0m system chaincode cscc/(github.com/hyperledger/fabric/core/scc/cscc) deployed
2019-01-29 10:33:58.757 UTC [sccapi] deploySysCC -> INFO 01b[0m system chaincode lscc/(github.com/hyperledger/fabric/core/scc/lscc) deployed
2019-01-29 10:33:58.758 UTC [qscc] Init -> INFO 01c[0m Init QSCC
2019-01-29 10:33:58.758 UTC [sccapi] deploySysCC -> INFO 01d[0m system chaincode qscc/(github.com/hyperledger/fabric/core/scc/qscc) deployed
2019-01-29 10:33:58.758 UTC [nodeCmd] serve -> INFO 01e[0m Deployed system chaincodes
2019-01-29 10:33:58.759 UTC [discovery] NewService -> INFO 01f[0m Created with config TLS: true, authCacheMaxSize: 1000, authCachePurgeRatio: 0.750000
2019-01-29 10:33:58.759 UTC [nodeCmd] registerDiscoveryService -> INFO 020[0m Discovery service activated
2019-01-29 10:33:58.759 UTC [nodeCmd] serve -> INFO 021[0m Starting peer with ID=[name:"peer0.hospital3.switch2logic.co.za" ], network ID=[dev], address=[peer0.hospital3.switch2logic.co.za:7051]
2019-01-29 10:33:58.760 UTC [nodeCmd] serve -> INFO 022[0m Started peer with ID=[name:"peer0.hospital3.switch2logic.co.za" ], network ID=[dev], address=[peer0.hospital3.switch2logic.co.za:7051]
2019-01-29 10:33:58.760 UTC [nodeCmd] func9 -> INFO 023[0m Starting profiling server with listenAddress = 0.0.0.0:6060
2019-01-29 11:17:14.217 UTC [ledgermgmt] CreateLedger -> INFO 024[0m Creating ledger [comunitychannel] with genesis block
2019-01-29 11:17:14.221 UTC [fsblkstorage] newBlockfileMgr -> INFO 025[0m Getting block information from block storage
2019-01-29 11:17:14.259 UTC [couchdb] CreateDatabaseIfNotExist -> INFO 026[0m Created state database comunitychannel_
2019-01-29 11:17:14.271 UTC [kvledger] CommitWithPvtData -> INFO 027[0m Channel [comunitychannel]: Committed block [0] with 1 transaction(s)
2019-01-29 11:17:14.271 UTC [pvtdatastorage] func1 -> INFO 028[0m Purger started: Purging expired private data till block number [0]
2019-01-29 11:17:14.271 UTC [pvtdatastorage] func1 -> INFO 029[0m Purger finished
2019-01-29 11:17:14.321 UTC [ledgermgmt] CreateLedger -> INFO 02a[0m Created ledger [comunitychannel] with genesis block
2019-01-29 11:17:14.347 UTC [cscc] Init -> INFO 02b[0m Init CSCC
2019-01-29 11:17:14.347 UTC [sccapi] deploySysCC -> INFO 02c[0m system chaincode cscc/comunitychannel(github.com/hyperledger/fabric/core/scc/cscc) deployed
2019-01-29 11:17:14.347 UTC [sccapi] deploySysCC -> INFO 02d[0m system chaincode lscc/comunitychannel(github.com/hyperledger/fabric/core/scc/lscc) deployed
2019-01-29 11:17:14.347 UTC [qscc] Init -> INFO 02e[0m Init QSCC
2019-01-29 11:17:14.347 UTC [sccapi] deploySysCC -> INFO 02f[0m system chaincode qscc/comunitychannel(github.com/hyperledger/fabric/core/scc/qscc) deployed
2019-01-29 11:17:20.348 UTC [gossip/election] beLeader -> INFO 030[0m [80 222 25 174 161 203 82 60 131 42 133 251 211 175 214 192 133 135 100 215 68 201 172 154 146 205 91 49 1 96 28 117] : Becoming a leader
2019-01-29 11:21:22.014 UTC [gossip/gossip] learnAnchorPeers -> INFO 031[0m Anchor peer with same endpoint, skipping connecting to myself
2019-01-29 11:21:22.041 UTC [kvledger] CommitWithPvtData -> INFO 032[0m Channel [comunitychannel]: Committed block [1] with 1 transaction(s)
2019-01-29 11:21:24.495 UTC [gossip/gossip] func2 -> INFO 033[0m Learned of a new certificate: [10 12 72 111 115 112 105 116 97 108 49 77 83 80 18 219 6 45 45 45 45 45 66 69 71 73 78 32 67 69 82 84 73 70 73 67 65 84 69 45 45 45 45 45 10 77 73 73 67 84 84 67 67 65 102 79 103 65 119 73 66 65 103 73 81 68 80 73 104 107 90 98 66 77 122 65 80 82 86 50 109 100 84 74 50 66 84 65 75 66 103 103 113 104 107 106 79 80 81 81 68 65 106 67 66 105 122 69 76 10 77 65 107 71 65 49 85 69 66 104 77 67 86 86 77 120 69 122 65 82 66 103 78 86 66 65 103 84 67 107 78 104 98 71 108 109 98 51 74 117 97 87 69 120 70 106 65 85 66 103 78 86 66 65 99 84 68 86 78 104 98 105 66 71 10 99 109 70 117 89 50 108 122 89 50 56 120 74 84 65 106 66 103 78 86 66 65 111 84 72 71 104 118 99 51 66 112 100 71 70 115 77 83 53 122 100 50 108 48 89 50 103 121 98 71 57 110 97 87 77 117 89 50 56 117 101 109 69 120 10 75 68 65 109 66 103 78 86 66 65 77 84 72 50 78 104 76 109 104 118 99 51 66 112 100 71 70 115 77 83 53 122 100 50 108 48 89 50 103 121 98 71 57 110 97 87 77 117 89 50 56 117 101 109 69 119 72 104 99 78 77 84 107 119 10 77 84 73 53 77 68 99 48 77 84 85 48 87 104 99 78 77 106 107 119 77 84 73 50 77 68 99 48 77 84 85 48 87 106 66 50 77 81 115 119 67 81 89 68 86 81 81 71 69 119 74 86 85 122 69 84 77 66 69 71 65 49 85 69 10 67 66 77 75 81 50 70 115 97 87 90 118 99 109 53 112 89 84 69 87 77 66 81 71 65 49 85 69 66 120 77 78 85 50 70 117 73 69 90 121 89 87 53 106 97 88 78 106 98 122 69 78 77 65 115 71 65 49 85 69 67 120 77 69 10 99 71 86 108 99 106 69 114 77 67 107 71 65 49 85 69 65 120 77 105 99 71 86 108 99 106 65 117 97 71 57 122 99 71 108 48 89 87 119 120 76 110 78 51 97 88 82 106 97 68 74 115 98 50 100 112 89 121 53 106 98 121 53 54 10 89 84 66 90 77 66 77 71 66 121 113 71 83 77 52 57 65 103 69 71 67 67 113 71 83 77 52 57 65 119 69 72 65 48 73 65 66 77 72 83 102 69 78 101 43 113 52 83 118 104 120 76 98 54 70 120 76 114 50 83 76 89 103 43 10 113 74 110 76 51 119 104 79 114 83 68 97 69 121 81 103 109 68 122 55 102 119 98 76 104 87 114 48 77 97 112 105 113 56 78 51 88 103 49 118 117 100 73 54 88 98 78 90 120 121 77 84 66 109 90 98 100 51 117 106 84 84 66 76 10 77 65 52 71 65 49 85 100 68 119 69 66 47 119 81 69 65 119 73 72 103 68 65 77 66 103 78 86 72 82 77 66 65 102 56 69 65 106 65 65 77 67 115 71 65 49 85 100 73 119 81 107 77 67 75 65 73 70 86 84 115 79 103 47 10 48 121 120 47 43 99 49 77 50 88 114 107 88 72 65 66 100 110 122 90 53 111 89 70 80 118 78 90 104 51 75 72 104 66 115 71 77 65 111 71 67 67 113 71 83 77 52 57 66 65 77 67 65 48 103 65 77 69 85 67 73 81 68 110 10 103 117 56 116 82 117 48 78 118 115 97 84 78 71 49 55 105 52 81 116 106 82 102 116 113 103 53 54 112 116 97 100 70 53 89 72 88 66 81 67 71 103 73 103 101 111 119 71 102 111 67 87 67 73 87 53 84 48 57 49 49 48 71 118 10 99 117 52 116 86 103 83 101 52 114 66 122 69 52 121 106 97 108 54 99 81 86 81 61 10 45 45 45 45 45 69 78 68 32 67 69 82 84 73 70 73 67 65 84 69 45 45 45 45 45 10]
2019-01-29 11:21:24.496 UTC [gossip/gossip] func2 -> INFO 034[0m Learned of a new certificate: [10 12 72 111 115 112 105 116 97 108 50 77 83 80 18 219 6 45 45 45 45 45 66 69 71 73 78 32 67 69 82 84 73 70 73 67 65 84 69 45 45 45 45 45 10 77 73 73 67 84 68 67 67 65 102 79 103 65 119 73 66 65 103 73 81 89 90 49 69 54 67 76 51 84 73 53 114 57 74 48 88 53 67 89 47 54 122 65 75 66 103 103 113 104 107 106 79 80 81 81 68 65 106 67 66 105 122 69 76 10 77 65 107 71 65 49 85 69 66 104 77 67 86 86 77 120 69 122 65 82 66 103 78 86 66 65 103 84 67 107 78 104 98 71 108 109 98 51 74 117 97 87 69 120 70 106 65 85 66 103 78 86 66 65 99 84 68 86 78 104 98 105 66 71 10 99 109 70 117 89 50 108 122 89 50 56 120 74 84 65 106 66 103 78 86 66 65 111 84 72 71 104 118 99 51 66 112 100 71 70 115 77 105 53 122 100 50 108 48 89 50 103 121 98 71 57 110 97 87 77 117 89 50 56 117 101 109 69 120 10 75 68 65 109 66 103 78 86 66 65 77 84 72 50 78 104 76 109 104 118 99 51 66 112 100 71 70 115 77 105 53 122 100 50 108 48 89 50 103 121 98 71 57 110 97 87 77 117 89 50 56 117 101 109 69 119 72 104 99 78 77 84 107 119 10 77 84 73 53 77 68 99 48 77 84 85 48 87 104 99 78 77 106 107 119 77 84 73 50 77 68 99 48 77 84 85 48 87 106 66 50 77 81 115 119 67 81 89 68 86 81 81 71 69 119 74 86 85 122 69 84 77 66 69 71 65 49 85 69 10 67 66 77 75 81 50 70 115 97 87 90 118 99 109 53 112 89 84 69 87 77 66 81 71 65 49 85 69 66 120 77 78 85 50 70 117 73 69 90 121 89 87 53 106 97 88 78 106 98 122 69 78 77 65 115 71 65 49 85 69 67 120 77 69 10 99 71 86 108 99 106 69 114 77 67 107 71 65 49 85 69 65 120 77 105 99 71 86 108 99 106 65 117 97 71 57 122 99 71 108 48 89 87 119 121 76 110 78 51 97 88 82 106 97 68 74 115 98 50 100 112 89 121 53 106 98 121 53 54 10 89 84 66 90 77 66 77 71 66 121 113 71 83 77 52 57 65 103 69 71 67 67 113 71 83 77 52 57 65 119 69 72 65 48 73 65 66 79 111 69 122 122 48 70 70 100 89 78 118 56 57 73 103 87 49 107 109 76 97 82 104 83 117 120 10 90 90 121 83 54 70 102 77 110 47 115 43 101 76 74 73 110 104 78 56 88 90 82 99 102 111 53 106 65 76 53 119 72 81 117 115 57 107 97 53 101 114 114 43 55 80 70 122 110 57 43 68 81 108 69 73 98 52 54 106 84 84 66 76 10 77 65 52 71 65 49 85 100 68 119 69 66 47 119 81 69 65 119 73 72 103 68 65 77 66 103 78 86 72 82 77 66 65 102 56 69 65 106 65 65 77 67 115 71 65 49 85 100 73 119 81 107 77 67 75 65 73 80 69 67 97 108 105 106 10 50 108 57 117 66 121 68 99 69 85 117 114 67 68 82 85 115 69 81 47 117 79 78 80 51 72 69 112 55 120 86 87 104 104 100 117 77 65 111 71 67 67 113 71 83 77 52 57 66 65 77 67 65 48 99 65 77 69 81 67 73 69 83 73 10 54 82 111 47 117 72 83 54 116 67 57 99 99 106 90 117 109 66 78 69 43 102 102 110 75 106 73 50 85 111 90 101 76 51 122 71 82 88 86 88 65 105 66 101 105 114 98 100 86 76 67 90 52 54 76 104 83 80 97 121 105 102 105 67 10 76 74 106 47 69 70 43 122 56 107 80 86 76 89 101 47 83 111 68 83 82 103 61 61 10 45 45 45 45 45 69 78 68 32 67 69 82 84 73 70 73 67 65 84 69 45 45 45 45 45 10]
2019-01-29 11:22:06.363 UTC [gossip/gossip] learnAnchorPeers -> INFO 035[0m Anchor peer with same endpoint, skipping connecting to myself
2019-01-29 11:22:06.382 UTC [kvledger] CommitWithPvtData -> INFO 036[0m Channel [comunitychannel]: Committed block [2] with 1 transaction(s)
2019-01-29 11:22:46.405 UTC [gossip/gossip] learnAnchorPeers -> INFO 037[0m Anchor peer with same endpoint, skipping connecting to myself
[33m2019-01-29 11:22:46.435 UTC [gossip/comm] func1 -> WARN 038[0m peer0.hospital1.switch2logic.co.za:7051, PKIid:[97 15 22 24 60 183 255 127 100 13 239 70 46 88 180 28 62 250 12 124 176 242 157 194 203 149 248 202 234 104 203 137] isn't responsive: EOF
[33m2019-01-29 11:22:46.435 UTC [gossip/discovery] expireDeadMembers -> WARN 039[0m Entering [[97 15 22 24 60 183 255 127 100 13 239 70 46 88 180 28 62 250 12 124 176 242 157 194 203 149 248 202 234 104 203 137]]
[33m2019-01-29 11:22:46.435 UTC [gossip/discovery] expireDeadMembers -> WARN 03a[0m Closing connection to Endpoint: peer0.hospital1.switch2logic.co.za:7051, InternalEndpoint: , PKI-ID: [97 15 22 24 60 183 255 127 100 13 239 70 46 88 180 28 62 250 12 124 176 242 157 194 203 149 248 202 234 104 203 137], Metadata: []
[33m2019-01-29 11:22:46.435 UTC [gossip/discovery] expireDeadMembers -> WARN 03b[0m Exiting
2019-01-29 11:22:46.453 UTC [kvledger] CommitWithPvtData -> INFO 03c[0m Channel [comunitychannel]: Committed block [3] with 1 transaction(s)
2019-01-29 11:22:46.486 UTC [gossip/discovery] resurrectMember -> INFO 03d[0m Entering, AliveMessage: GossipMessage: tag:EMPTY alive_msg:<membership:<endpoint:"peer0.hospital1.switch2logic.co.za:7051" pki_id:"a\017\026\030<\267\377\177d\r\357F.X\264\034>\372\014|\260\362\235\302\313\225\370\312\352h\313\211" > timestamp:<inc_num:1548759095182774477 seq_num:894 > > , Envelope: 96 bytes, Signature: 71 bytes t: {1548759095182774477 894}
2019-01-29 11:22:46.486 UTC [gossip/discovery] resurrectMember -> INFO 03e[0m Exiting
